2025-06-11 00:00:12.318 [http-nio-8082-exec-1] INFO  o.a.c.c.C.[Tomcat].[localhost].[/] - Initializing Spring DispatcherServlet 'dispatcherServlet'
2025-06-11 00:00:12.321 [http-nio-8082-exec-1] INFO  o.s.web.servlet.DispatcherServlet - Initializing Servlet 'dispatcherServlet'
2025-06-11 00:00:12.322 [http-nio-8082-exec-1] INFO  o.s.web.servlet.DispatcherServlet - Completed initialization in 1 ms
2025-06-11 00:00:12.367 [http-nio-8082-exec-1] DEBUG o.s.jdbc.datasource.DataSourceUtils - Fetching JDBC Connection from DataSource
2025-06-11 00:00:12.367 [http-nio-8082-exec-2] DEBUG o.s.jdbc.datasource.DataSourceUtils - Fetching JDBC Connection from DataSource
2025-06-11 00:00:12.367 [http-nio-8082-exec-1] INFO  com.zaxxer.hikari.HikariDataSource - HikariPool-1 - Starting...
2025-06-11 00:00:12.470 [http-nio-8082-exec-1] INFO  com.zaxxer.hikari.pool.HikariPool - HikariPool-1 - Added connection com.mysql.cj.jdbc.ConnectionImpl@5c1ad481
2025-06-11 00:00:12.472 [http-nio-8082-exec-1] INFO  com.zaxxer.hikari.HikariDataSource - HikariPool-1 - Start completed.
2025-06-11 00:00:13.016 [http-nio-8082-exec-5] DEBUG o.s.jdbc.datasource.DataSourceUtils - Fetching JDBC Connection from DataSource
2025-06-11 00:00:13.035 [http-nio-8082-exec-4] DEBUG o.s.jdbc.datasource.DataSourceUtils - Fetching JDBC Connection from DataSource
2025-06-11 00:00:13.037 [http-nio-8082-exec-4] DEBUG o.s.jdbc.datasource.DataSourceUtils - Fetching JDBC Connection from DataSource
2025-06-11 00:00:13.038 [http-nio-8082-exec-4] DEBUG o.s.jdbc.datasource.DataSourceUtils - Fetching JDBC Connection from DataSource
2025-06-11 00:00:21.646 [http-nio-8082-exec-7] DEBUG o.s.jdbc.datasource.DataSourceUtils - Fetching JDBC Connection from DataSource
2025-06-11 00:00:21.648 [http-nio-8082-exec-7] DEBUG o.s.jdbc.datasource.DataSourceUtils - Fetching JDBC Connection from DataSource
2025-06-11 00:00:21.649 [http-nio-8082-exec-7] DEBUG o.s.jdbc.datasource.DataSourceUtils - Fetching JDBC Connection from DataSource
2025-06-11 00:00:21.652 [http-nio-8082-exec-7] DEBUG o.s.jdbc.datasource.DataSourceUtils - Fetching JDBC Connection from DataSource
2025-06-11 00:00:21.653 [http-nio-8082-exec-7] DEBUG o.s.jdbc.datasource.DataSourceUtils - Fetching JDBC Connection from DataSource
2025-06-11 00:00:21.669 [http-nio-8082-exec-6] DEBUG o.s.jdbc.datasource.DataSourceUtils - Fetching JDBC Connection from DataSource
2025-06-11 00:00:23.777 [http-nio-8082-exec-3] DEBUG o.s.j.support.JdbcTransactionManager - Creating new transaction with name [edu.mycc.xhd.mycsdormitorymanagement.service.DormVisitorService.deleteVisitor]: PROPAGATION_REQUIRED,ISOLATION_DEFAULT
2025-06-11 00:00:23.781 [http-nio-8082-exec-3] DEBUG o.s.j.support.JdbcTransactionManager - Acquired Connection [HikariProxyConnection@120420564 wrapping com.mysql.cj.jdbc.ConnectionImpl@5c1ad481] for JDBC transaction
2025-06-11 00:00:23.783 [http-nio-8082-exec-3] DEBUG o.s.j.support.JdbcTransactionManager - Switching JDBC Connection [HikariProxyConnection@120420564 wrapping com.mysql.cj.jdbc.ConnectionImpl@5c1ad481] to manual commit
2025-06-11 00:00:23.806 [http-nio-8082-exec-3] DEBUG o.s.j.support.JdbcTransactionManager - Initiating transaction commit
2025-06-11 00:00:23.806 [http-nio-8082-exec-3] DEBUG o.s.j.support.JdbcTransactionManager - Committing JDBC transaction on Connection [HikariProxyConnection@120420564 wrapping com.mysql.cj.jdbc.ConnectionImpl@5c1ad481]
2025-06-11 00:00:23.809 [http-nio-8082-exec-3] DEBUG o.s.j.support.JdbcTransactionManager - Releasing JDBC Connection [HikariProxyConnection@120420564 wrapping com.mysql.cj.jdbc.ConnectionImpl@5c1ad481] after transaction
2025-06-11 00:00:24.428 [http-nio-8082-exec-8] DEBUG o.s.jdbc.datasource.DataSourceUtils - Fetching JDBC Connection from DataSource
2025-06-11 00:00:24.437 [http-nio-8082-exec-9] DEBUG o.s.jdbc.datasource.DataSourceUtils - Fetching JDBC Connection from DataSource
2025-06-11 00:00:24.438 [http-nio-8082-exec-9] DEBUG o.s.jdbc.datasource.DataSourceUtils - Fetching JDBC Connection from DataSource
2025-06-11 00:00:24.439 [http-nio-8082-exec-9] DEBUG o.s.jdbc.datasource.DataSourceUtils - Fetching JDBC Connection from DataSource
2025-06-11 00:00:24.441 [http-nio-8082-exec-9] DEBUG o.s.jdbc.datasource.DataSourceUtils - Fetching JDBC Connection from DataSource
2025-06-11 00:00:24.442 [http-nio-8082-exec-9] DEBUG o.s.jdbc.datasource.DataSourceUtils - Fetching JDBC Connection from DataSource
2025-06-11 00:00:25.427 [http-nio-8082-exec-2] DEBUG o.s.jdbc.datasource.DataSourceUtils - Fetching JDBC Connection from DataSource
2025-06-11 00:00:25.428 [http-nio-8082-exec-10] DEBUG o.s.jdbc.datasource.DataSourceUtils - Fetching JDBC Connection from DataSource
2025-06-11 00:00:25.430 [http-nio-8082-exec-2] DEBUG o.s.jdbc.datasource.DataSourceUtils - Fetching JDBC Connection from DataSource
2025-06-11 00:00:25.432 [http-nio-8082-exec-2] DEBUG o.s.jdbc.datasource.DataSourceUtils - Fetching JDBC Connection from DataSource
2025-06-11 00:00:25.434 [http-nio-8082-exec-2] DEBUG o.s.jdbc.datasource.DataSourceUtils - Fetching JDBC Connection from DataSource
2025-06-11 00:00:25.435 [http-nio-8082-exec-2] DEBUG o.s.jdbc.datasource.DataSourceUtils - Fetching JDBC Connection from DataSource
2025-06-11 00:00:25.938 [http-nio-8082-exec-5] DEBUG o.s.jdbc.datasource.DataSourceUtils - Fetching JDBC Connection from DataSource
2025-06-11 00:00:25.938 [http-nio-8082-exec-1] DEBUG o.s.jdbc.datasource.DataSourceUtils - Fetching JDBC Connection from DataSource
2025-06-11 00:00:25.939 [http-nio-8082-exec-5] DEBUG o.s.jdbc.datasource.DataSourceUtils - Fetching JDBC Connection from DataSource
2025-06-11 00:00:25.940 [http-nio-8082-exec-5] DEBUG o.s.jdbc.datasource.DataSourceUtils - Fetching JDBC Connection from DataSource
2025-06-11 00:00:25.941 [http-nio-8082-exec-5] DEBUG o.s.jdbc.datasource.DataSourceUtils - Fetching JDBC Connection from DataSource
2025-06-11 00:00:25.941 [http-nio-8082-exec-5] DEBUG o.s.jdbc.datasource.DataSourceUtils - Fetching JDBC Connection from DataSource
2025-06-11 00:00:26.191 [http-nio-8082-exec-7] DEBUG o.s.jdbc.datasource.DataSourceUtils - Fetching JDBC Connection from DataSource
2025-06-11 00:00:26.193 [http-nio-8082-exec-4] DEBUG o.s.jdbc.datasource.DataSourceUtils - Fetching JDBC Connection from DataSource
2025-06-11 00:00:26.194 [http-nio-8082-exec-7] DEBUG o.s.jdbc.datasource.DataSourceUtils - Fetching JDBC Connection from DataSource
2025-06-11 00:00:26.194 [http-nio-8082-exec-7] DEBUG o.s.jdbc.datasource.DataSourceUtils - Fetching JDBC Connection from DataSource
2025-06-11 00:00:26.196 [http-nio-8082-exec-7] DEBUG o.s.jdbc.datasource.DataSourceUtils - Fetching JDBC Connection from DataSource
2025-06-11 00:00:26.196 [http-nio-8082-exec-7] DEBUG o.s.jdbc.datasource.DataSourceUtils - Fetching JDBC Connection from DataSource
2025-06-11 00:00:30.045 [http-nio-8082-exec-6] DEBUG o.s.jdbc.datasource.DataSourceUtils - Fetching JDBC Connection from DataSource
2025-06-11 00:00:30.045 [http-nio-8082-exec-3] DEBUG o.s.jdbc.datasource.DataSourceUtils - Fetching JDBC Connection from DataSource
2025-06-11 00:00:30.047 [http-nio-8082-exec-3] DEBUG o.s.jdbc.datasource.DataSourceUtils - Fetching JDBC Connection from DataSource
2025-06-11 00:00:30.048 [http-nio-8082-exec-3] DEBUG o.s.jdbc.datasource.DataSourceUtils - Fetching JDBC Connection from DataSource
2025-06-11 00:00:30.050 [http-nio-8082-exec-3] DEBUG o.s.jdbc.datasource.DataSourceUtils - Fetching JDBC Connection from DataSource
2025-06-11 00:00:30.051 [http-nio-8082-exec-3] DEBUG o.s.jdbc.datasource.DataSourceUtils - Fetching JDBC Connection from DataSource
2025-06-11 00:00:32.333 [http-nio-8082-exec-9] DEBUG o.s.j.support.JdbcTransactionManager - Creating new transaction with name [edu.mycc.xhd.mycsdormitorymanagement.service.DormVisitorService.deleteVisitor]: PROPAGATION_REQUIRED,ISOLATION_DEFAULT
2025-06-11 00:00:32.334 [http-nio-8082-exec-9] DEBUG o.s.j.support.JdbcTransactionManager - Acquired Connection [HikariProxyConnection@1312596171 wrapping com.mysql.cj.jdbc.ConnectionImpl@5c1ad481] for JDBC transaction
2025-06-11 00:00:32.335 [http-nio-8082-exec-9] DEBUG o.s.j.support.JdbcTransactionManager - Switching JDBC Connection [HikariProxyConnection@1312596171 wrapping com.mysql.cj.jdbc.ConnectionImpl@5c1ad481] to manual commit
2025-06-11 00:00:32.337 [http-nio-8082-exec-9] DEBUG o.s.j.support.JdbcTransactionManager - Initiating transaction commit
2025-06-11 00:00:32.338 [http-nio-8082-exec-9] DEBUG o.s.j.support.JdbcTransactionManager - Committing JDBC transaction on Connection [HikariProxyConnection@1312596171 wrapping com.mysql.cj.jdbc.ConnectionImpl@5c1ad481]
2025-06-11 00:00:32.340 [http-nio-8082-exec-9] DEBUG o.s.j.support.JdbcTransactionManager - Releasing JDBC Connection [HikariProxyConnection@1312596171 wrapping com.mysql.cj.jdbc.ConnectionImpl@5c1ad481] after transaction
2025-06-11 00:00:34.296 [http-nio-8082-exec-10] DEBUG o.s.jdbc.datasource.DataSourceUtils - Fetching JDBC Connection from DataSource
2025-06-11 00:00:34.305 [http-nio-8082-exec-2] DEBUG o.s.jdbc.datasource.DataSourceUtils - Fetching JDBC Connection from DataSource
2025-06-11 00:00:34.306 [http-nio-8082-exec-2] DEBUG o.s.jdbc.datasource.DataSourceUtils - Fetching JDBC Connection from DataSource
2025-06-11 00:00:34.307 [http-nio-8082-exec-2] DEBUG o.s.jdbc.datasource.DataSourceUtils - Fetching JDBC Connection from DataSource
2025-06-11 00:00:34.308 [http-nio-8082-exec-2] DEBUG o.s.jdbc.datasource.DataSourceUtils - Fetching JDBC Connection from DataSource
2025-06-11 00:00:34.309 [http-nio-8082-exec-2] DEBUG o.s.jdbc.datasource.DataSourceUtils - Fetching JDBC Connection from DataSource
2025-06-11 00:01:33.971 [http-nio-8082-exec-5] DEBUG o.s.jdbc.datasource.DataSourceUtils - Fetching JDBC Connection from DataSource
2025-06-11 00:01:33.972 [http-nio-8082-exec-4] DEBUG o.s.jdbc.datasource.DataSourceUtils - Fetching JDBC Connection from DataSource
2025-06-11 00:01:34.807 [http-nio-8082-exec-7] DEBUG o.s.jdbc.datasource.DataSourceUtils - Fetching JDBC Connection from DataSource
2025-06-11 00:01:34.807 [http-nio-8082-exec-6] DEBUG o.s.jdbc.datasource.DataSourceUtils - Fetching JDBC Connection from DataSource
2025-06-11 00:01:35.650 [http-nio-8082-exec-3] DEBUG o.s.jdbc.datasource.DataSourceUtils - Fetching JDBC Connection from DataSource
2025-06-11 00:01:35.650 [http-nio-8082-exec-8] DEBUG o.s.jdbc.datasource.DataSourceUtils - Fetching JDBC Connection from DataSource
2025-06-11 00:01:37.585 [http-nio-8082-exec-10] DEBUG o.s.jdbc.datasource.DataSourceUtils - Fetching JDBC Connection from DataSource
2025-06-11 00:01:37.586 [http-nio-8082-exec-9] DEBUG o.s.jdbc.datasource.DataSourceUtils - Fetching JDBC Connection from DataSource
2025-06-11 00:01:41.058 [http-nio-8082-exec-1] DEBUG o.s.jdbc.datasource.DataSourceUtils - Fetching JDBC Connection from DataSource
2025-06-11 00:01:41.058 [http-nio-8082-exec-2] DEBUG o.s.jdbc.datasource.DataSourceUtils - Fetching JDBC Connection from DataSource
2025-06-11 00:01:51.759 [http-nio-8082-exec-5] DEBUG o.s.jdbc.datasource.DataSourceUtils - Fetching JDBC Connection from DataSource
2025-06-11 00:01:51.759 [http-nio-8082-exec-4] DEBUG o.s.jdbc.datasource.DataSourceUtils - Fetching JDBC Connection from DataSource
2025-06-11 00:01:51.761 [http-nio-8082-exec-4] DEBUG o.s.jdbc.datasource.DataSourceUtils - Fetching JDBC Connection from DataSource
2025-06-11 00:01:51.762 [http-nio-8082-exec-4] DEBUG o.s.jdbc.datasource.DataSourceUtils - Fetching JDBC Connection from DataSource
2025-06-11 00:01:51.764 [http-nio-8082-exec-4] DEBUG o.s.jdbc.datasource.DataSourceUtils - Fetching JDBC Connection from DataSource
2025-06-11 00:01:51.765 [http-nio-8082-exec-4] DEBUG o.s.jdbc.datasource.DataSourceUtils - Fetching JDBC Connection from DataSource
2025-06-11 00:01:57.991 [http-nio-8082-exec-7] DEBUG o.s.jdbc.datasource.DataSourceUtils - Fetching JDBC Connection from DataSource
2025-06-11 00:01:57.992 [http-nio-8082-exec-6] DEBUG o.s.jdbc.datasource.DataSourceUtils - Fetching JDBC Connection from DataSource
2025-06-11 00:02:01.109 [http-nio-8082-exec-8] DEBUG o.s.jdbc.datasource.DataSourceUtils - Fetching JDBC Connection from DataSource
2025-06-11 00:02:01.110 [http-nio-8082-exec-3] DEBUG o.s.jdbc.datasource.DataSourceUtils - Fetching JDBC Connection from DataSource
2025-06-11 00:02:01.690 [http-nio-8082-exec-9] DEBUG o.s.jdbc.datasource.DataSourceUtils - Fetching JDBC Connection from DataSource
2025-06-11 00:02:01.697 [http-nio-8082-exec-10] DEBUG o.s.jdbc.datasource.DataSourceUtils - Fetching JDBC Connection from DataSource
2025-06-11 00:02:01.698 [http-nio-8082-exec-1] DEBUG o.s.jdbc.datasource.DataSourceUtils - Fetching JDBC Connection from DataSource
2025-06-11 00:02:01.705 [http-nio-8082-exec-2] DEBUG o.s.jdbc.datasource.DataSourceUtils - Fetching JDBC Connection from DataSource
2025-06-11 00:02:01.709 [http-nio-8082-exec-5] DEBUG o.s.jdbc.datasource.DataSourceUtils - Fetching JDBC Connection from DataSource
2025-06-11 00:02:01.714 [http-nio-8082-exec-4] DEBUG o.s.jdbc.datasource.DataSourceUtils - Fetching JDBC Connection from DataSource
2025-06-11 00:02:01.717 [http-nio-8082-exec-7] DEBUG o.s.jdbc.datasource.DataSourceUtils - Fetching JDBC Connection from DataSource
2025-06-11 00:02:02.764 [http-nio-8082-exec-3] DEBUG o.s.jdbc.datasource.DataSourceUtils - Fetching JDBC Connection from DataSource
2025-06-11 00:02:02.765 [http-nio-8082-exec-6] DEBUG o.s.jdbc.datasource.DataSourceUtils - Fetching JDBC Connection from DataSource
2025-06-11 00:02:05.717 [http-nio-8082-exec-9] DEBUG o.s.jdbc.datasource.DataSourceUtils - Fetching JDBC Connection from DataSource
2025-06-11 00:02:05.718 [http-nio-8082-exec-8] DEBUG o.s.jdbc.datasource.DataSourceUtils - Fetching JDBC Connection from DataSource
2025-06-11 00:02:06.922 [http-nio-8082-exec-10] DEBUG o.s.jdbc.datasource.DataSourceUtils - Fetching JDBC Connection from DataSource
2025-06-11 00:02:06.931 [http-nio-8082-exec-1] DEBUG o.s.jdbc.datasource.DataSourceUtils - Fetching JDBC Connection from DataSource
2025-06-11 00:02:06.933 [http-nio-8082-exec-1] DEBUG o.s.jdbc.datasource.DataSourceUtils - Fetching JDBC Connection from DataSource
2025-06-11 00:02:06.934 [http-nio-8082-exec-1] DEBUG o.s.jdbc.datasource.DataSourceUtils - Fetching JDBC Connection from DataSource
2025-06-11 00:02:21.010 [http-nio-8082-exec-2] DEBUG o.s.jdbc.datasource.DataSourceUtils - Fetching JDBC Connection from DataSource
2025-06-11 00:02:21.011 [http-nio-8082-exec-5] DEBUG o.s.jdbc.datasource.DataSourceUtils - Fetching JDBC Connection from DataSource
2025-06-11 00:03:44.742 [http-nio-8082-exec-3] DEBUG o.s.jdbc.datasource.DataSourceUtils - Fetching JDBC Connection from DataSource
2025-06-11 00:03:44.742 [http-nio-8082-exec-6] DEBUG o.s.jdbc.datasource.DataSourceUtils - Fetching JDBC Connection from DataSource
2025-06-11 00:03:44.744 [http-nio-8082-exec-6] DEBUG o.s.jdbc.datasource.DataSourceUtils - Fetching JDBC Connection from DataSource
2025-06-11 00:03:44.745 [http-nio-8082-exec-6] DEBUG o.s.jdbc.datasource.DataSourceUtils - Fetching JDBC Connection from DataSource
2025-06-11 00:03:44.747 [http-nio-8082-exec-6] DEBUG o.s.jdbc.datasource.DataSourceUtils - Fetching JDBC Connection from DataSource
2025-06-11 00:03:44.747 [http-nio-8082-exec-6] DEBUG o.s.jdbc.datasource.DataSourceUtils - Fetching JDBC Connection from DataSource
2025-06-11 00:04:25.317 [SpringApplicationShutdownHook] INFO  com.zaxxer.hikari.HikariDataSource - HikariPool-1 - Shutdown initiated...
2025-06-11 00:04:25.324 [SpringApplicationShutdownHook] INFO  com.zaxxer.hikari.HikariDataSource - HikariPool-1 - Shutdown completed.
2025-06-11 00:05:00.607 [background-preinit] INFO  o.h.validator.internal.util.Version - HV000001: Hibernate Validator 8.0.1.Final
2025-06-11 00:05:00.642 [main] INFO  e.m.x.m.CleanApp - Starting CleanApp using Java 21.0.7 with PID 1876 (D:\Study\project\JAVAEE\xiangmu\system\mycs-dormitory-management\target\classes started by save in D:\Study\project\JAVAEE\xiangmu\system\mycs-dormitory-management)
2025-06-11 00:05:00.643 [main] INFO  e.m.x.m.CleanApp - No active profile set, falling back to 1 default profile: "default"
2025-06-11 00:05:01.448 [main] INFO  o.s.b.w.e.tomcat.TomcatWebServer - Tomcat initialized with port(s): 8082 (http)
2025-06-11 00:05:01.454 [main] INFO  o.a.coyote.http11.Http11NioProtocol - Initializing ProtocolHandler ["http-nio-8082"]
2025-06-11 00:05:01.456 [main] INFO  o.a.catalina.core.StandardService - Starting service [Tomcat]
2025-06-11 00:05:01.457 [main] INFO  o.a.catalina.core.StandardEngine - Starting Servlet engine: [Apache Tomcat/10.1.15]
2025-06-11 00:05:01.537 [main] INFO  o.a.c.c.C.[Tomcat].[localhost].[/] - Initializing Spring embedded WebApplicationContext
2025-06-11 00:05:01.538 [main] INFO  o.s.b.w.s.c.ServletWebServerApplicationContext - Root WebApplicationContext: initialization completed in 860 ms
2025-06-11 00:05:01.588 [main] DEBUG c.b.m.e.s.MybatisSqlSessionFactoryBean - Property 'configuration' or 'configLocation' not specified, using default MyBatis Configuration
2025-06-11 00:05:01.623 [main] WARN  c.b.m.e.s.MybatisSqlSessionFactoryBean - Property 'mapperLocations' was specified but matching resources are not found.
2025-06-11 00:05:01.630 [main] DEBUG c.b.m.core.toolkit.Sequence - Get /10.102.58.231 network interface 
2025-06-11 00:05:01.631 [main] DEBUG c.b.m.core.toolkit.Sequence - Get network interface info: name:ethernet_32768 (Realtek PCIe GbE Family Controller)
2025-06-11 00:05:01.641 [main] DEBUG c.b.m.core.toolkit.Sequence - Initialization Sequence datacenterId:27 workerId:11
2025-06-11 00:05:01.824 [main] WARN  c.b.m.core.injector.methods.Insert - [edu.mycc.xhd.mycsdormitorymanagement.mapper.UserMapper.insert] Has been loaded by XML or SqlProvider or Mybatis's Annotation, so ignoring this injection for [class com.baomidou.mybatisplus.core.injector.methods.Insert]
2025-06-11 00:05:02.018 [main] INFO  o.s.b.a.w.s.WelcomePageHandlerMapping - Adding welcome page: class path resource [static/index.html]
2025-06-11 00:05:02.107 [main] INFO  o.a.coyote.http11.Http11NioProtocol - Starting ProtocolHandler ["http-nio-8082"]
2025-06-11 00:05:02.126 [main] INFO  o.s.b.w.e.tomcat.TomcatWebServer - Tomcat started on port(s): 8082 (http) with context path ''
2025-06-11 00:05:02.130 [main] INFO  e.m.x.m.CleanApp - Started CleanApp in 1.826 seconds (process running for 2.111)
2025-06-11 00:11:54.610 [background-preinit] INFO  o.h.validator.internal.util.Version - HV000001: Hibernate Validator 8.0.1.Final
2025-06-11 00:11:54.655 [main] INFO  e.m.x.m.CleanApp - Starting CleanApp using Java 21.0.7 with PID 21744 (D:\Study\project\JAVAEE\xiangmu\system\mycs-dormitory-management\target\classes started by save in D:\Study\project\JAVAEE\xiangmu\system\mycs-dormitory-management)
2025-06-11 00:11:54.657 [main] INFO  e.m.x.m.CleanApp - No active profile set, falling back to 1 default profile: "default"
2025-06-11 00:11:55.703 [main] INFO  o.s.b.w.e.tomcat.TomcatWebServer - Tomcat initialized with port(s): 8082 (http)
2025-06-11 00:11:55.710 [main] INFO  o.a.coyote.http11.Http11NioProtocol - Initializing ProtocolHandler ["http-nio-8082"]
2025-06-11 00:11:55.712 [main] INFO  o.a.catalina.core.StandardService - Starting service [Tomcat]
2025-06-11 00:11:55.713 [main] INFO  o.a.catalina.core.StandardEngine - Starting Servlet engine: [Apache Tomcat/10.1.15]
2025-06-11 00:11:55.799 [main] INFO  o.a.c.c.C.[Tomcat].[localhost].[/] - Initializing Spring embedded WebApplicationContext
2025-06-11 00:11:55.800 [main] INFO  o.s.b.w.s.c.ServletWebServerApplicationContext - Root WebApplicationContext: initialization completed in 1084 ms
2025-06-11 00:11:55.862 [main] DEBUG c.b.m.e.s.MybatisSqlSessionFactoryBean - Property 'configuration' or 'configLocation' not specified, using default MyBatis Configuration
2025-06-11 00:11:55.894 [main] WARN  c.b.m.e.s.MybatisSqlSessionFactoryBean - Property 'mapperLocations' was specified but matching resources are not found.
2025-06-11 00:11:55.900 [main] DEBUG c.b.m.core.toolkit.Sequence - Get /10.102.58.231 network interface 
2025-06-11 00:11:55.901 [main] DEBUG c.b.m.core.toolkit.Sequence - Get network interface info: name:ethernet_32768 (Realtek PCIe GbE Family Controller)
2025-06-11 00:11:55.910 [main] DEBUG c.b.m.core.toolkit.Sequence - Initialization Sequence datacenterId:27 workerId:19
2025-06-11 00:11:56.124 [main] WARN  c.b.m.core.injector.methods.Insert - [edu.mycc.xhd.mycsdormitorymanagement.mapper.UserMapper.insert] Has been loaded by XML or SqlProvider or Mybatis's Annotation, so ignoring this injection for [class com.baomidou.mybatisplus.core.injector.methods.Insert]
2025-06-11 00:11:56.363 [main] INFO  o.s.b.a.w.s.WelcomePageHandlerMapping - Adding welcome page: class path resource [static/index.html]
2025-06-11 00:11:56.469 [main] INFO  o.a.coyote.http11.Http11NioProtocol - Starting ProtocolHandler ["http-nio-8082"]
2025-06-11 00:11:56.494 [main] INFO  o.s.b.w.e.tomcat.TomcatWebServer - Tomcat started on port(s): 8082 (http) with context path ''
2025-06-11 00:11:56.500 [main] INFO  e.m.x.m.CleanApp - Started CleanApp in 2.255 seconds (process running for 2.553)
2025-06-11 00:14:22.341 [background-preinit] INFO  o.h.validator.internal.util.Version - HV000001: Hibernate Validator 8.0.1.Final
2025-06-11 00:14:22.381 [main] INFO  e.m.x.m.CleanApp - Starting CleanApp using Java 21.0.7 with PID 11380 (D:\Study\project\JAVAEE\xiangmu\system\mycs-dormitory-management\target\classes started by save in D:\Study\project\JAVAEE\xiangmu\system\mycs-dormitory-management)
2025-06-11 00:14:22.382 [main] INFO  e.m.x.m.CleanApp - No active profile set, falling back to 1 default profile: "default"
2025-06-11 00:14:23.309 [main] INFO  o.s.b.w.e.tomcat.TomcatWebServer - Tomcat initialized with port(s): 8082 (http)
2025-06-11 00:14:23.315 [main] INFO  o.a.coyote.http11.Http11NioProtocol - Initializing ProtocolHandler ["http-nio-8082"]
2025-06-11 00:14:23.317 [main] INFO  o.a.catalina.core.StandardService - Starting service [Tomcat]
2025-06-11 00:14:23.317 [main] INFO  o.a.catalina.core.StandardEngine - Starting Servlet engine: [Apache Tomcat/10.1.15]
2025-06-11 00:14:23.401 [main] INFO  o.a.c.c.C.[Tomcat].[localhost].[/] - Initializing Spring embedded WebApplicationContext
2025-06-11 00:14:23.402 [main] INFO  o.s.b.w.s.c.ServletWebServerApplicationContext - Root WebApplicationContext: initialization completed in 983 ms
2025-06-11 00:14:23.463 [main] DEBUG c.b.m.e.s.MybatisSqlSessionFactoryBean - Property 'configuration' or 'configLocation' not specified, using default MyBatis Configuration
2025-06-11 00:14:23.495 [main] WARN  c.b.m.e.s.MybatisSqlSessionFactoryBean - Property 'mapperLocations' was specified but matching resources are not found.
2025-06-11 00:14:23.502 [main] DEBUG c.b.m.core.toolkit.Sequence - Get /10.102.58.231 network interface 
2025-06-11 00:14:23.502 [main] DEBUG c.b.m.core.toolkit.Sequence - Get network interface info: name:ethernet_32768 (Realtek PCIe GbE Family Controller)
2025-06-11 00:14:23.511 [main] DEBUG c.b.m.core.toolkit.Sequence - Initialization Sequence datacenterId:27 workerId:6
2025-06-11 00:14:23.707 [main] WARN  c.b.m.core.injector.methods.Insert - [edu.mycc.xhd.mycsdormitorymanagement.mapper.UserMapper.insert] Has been loaded by XML or SqlProvider or Mybatis's Annotation, so ignoring this injection for [class com.baomidou.mybatisplus.core.injector.methods.Insert]
2025-06-11 00:14:23.919 [main] INFO  o.s.b.a.w.s.WelcomePageHandlerMapping - Adding welcome page: class path resource [static/index.html]
2025-06-11 00:14:24.030 [main] INFO  o.a.coyote.http11.Http11NioProtocol - Starting ProtocolHandler ["http-nio-8082"]
2025-06-11 00:14:24.051 [main] INFO  o.s.b.w.e.tomcat.TomcatWebServer - Tomcat started on port(s): 8082 (http) with context path ''
2025-06-11 00:14:24.055 [main] INFO  e.m.x.m.CleanApp - Started CleanApp in 2.09 seconds (process running for 2.425)
2025-06-11 00:14:59.267 [http-nio-8082-exec-1] INFO  o.a.c.c.C.[Tomcat].[localhost].[/] - Initializing Spring DispatcherServlet 'dispatcherServlet'
2025-06-11 00:14:59.268 [http-nio-8082-exec-1] INFO  o.s.web.servlet.DispatcherServlet - Initializing Servlet 'dispatcherServlet'
2025-06-11 00:14:59.269 [http-nio-8082-exec-1] INFO  o.s.web.servlet.DispatcherServlet - Completed initialization in 1 ms
2025-06-11 00:14:59.307 [http-nio-8082-exec-1] DEBUG o.s.jdbc.datasource.DataSourceUtils - Fetching JDBC Connection from DataSource
2025-06-11 00:14:59.308 [http-nio-8082-exec-1] INFO  com.zaxxer.hikari.HikariDataSource - HikariPool-1 - Starting...
2025-06-11 00:14:59.413 [http-nio-8082-exec-1] INFO  com.zaxxer.hikari.pool.HikariPool - HikariPool-1 - Added connection com.mysql.cj.jdbc.ConnectionImpl@57b91f7
2025-06-11 00:14:59.414 [http-nio-8082-exec-1] INFO  com.zaxxer.hikari.HikariDataSource - HikariPool-1 - Start completed.
2025-06-11 00:14:59.458 [http-nio-8082-exec-1] DEBUG o.s.jdbc.datasource.DataSourceUtils - Fetching JDBC Connection from DataSource
2025-06-11 00:14:59.462 [http-nio-8082-exec-1] DEBUG o.s.jdbc.datasource.DataSourceUtils - Fetching JDBC Connection from DataSource
2025-06-11 00:14:59.468 [http-nio-8082-exec-1] DEBUG o.s.jdbc.datasource.DataSourceUtils - Fetching JDBC Connection from DataSource
2025-06-11 00:15:00.900 [http-nio-8082-exec-2] DEBUG o.s.jdbc.datasource.DataSourceUtils - Fetching JDBC Connection from DataSource
2025-06-11 00:15:00.908 [http-nio-8082-exec-3] DEBUG o.s.jdbc.datasource.DataSourceUtils - Fetching JDBC Connection from DataSource
2025-06-11 00:15:01.450 [http-nio-8082-exec-5] DEBUG o.s.jdbc.datasource.DataSourceUtils - Fetching JDBC Connection from DataSource
2025-06-11 00:15:01.452 [http-nio-8082-exec-5] DEBUG o.s.jdbc.datasource.DataSourceUtils - Fetching JDBC Connection from DataSource
2025-06-11 00:15:01.453 [http-nio-8082-exec-5] DEBUG o.s.jdbc.datasource.DataSourceUtils - Fetching JDBC Connection from DataSource
2025-06-11 00:15:01.455 [http-nio-8082-exec-5] DEBUG o.s.jdbc.datasource.DataSourceUtils - Fetching JDBC Connection from DataSource
2025-06-11 00:15:01.456 [http-nio-8082-exec-5] DEBUG o.s.jdbc.datasource.DataSourceUtils - Fetching JDBC Connection from DataSource
2025-06-11 00:15:01.476 [http-nio-8082-exec-4] DEBUG o.s.jdbc.datasource.DataSourceUtils - Fetching JDBC Connection from DataSource
2025-06-11 00:15:04.173 [http-nio-8082-exec-6] DEBUG o.s.j.support.JdbcTransactionManager - Creating new transaction with name [edu.mycc.xhd.mycsdormitorymanagement.service.DormVisitorService.deleteVisitor]: PROPAGATION_REQUIRED,ISOLATION_DEFAULT
2025-06-11 00:15:04.179 [http-nio-8082-exec-6] DEBUG o.s.j.support.JdbcTransactionManager - Acquired Connection [HikariProxyConnection@583129701 wrapping com.mysql.cj.jdbc.ConnectionImpl@57b91f7] for JDBC transaction
2025-06-11 00:15:04.182 [http-nio-8082-exec-6] DEBUG o.s.j.support.JdbcTransactionManager - Switching JDBC Connection [HikariProxyConnection@583129701 wrapping com.mysql.cj.jdbc.ConnectionImpl@57b91f7] to manual commit
2025-06-11 00:15:04.195 [http-nio-8082-exec-6] DEBUG o.s.j.support.JdbcTransactionManager - Initiating transaction commit
2025-06-11 00:15:04.195 [http-nio-8082-exec-6] DEBUG o.s.j.support.JdbcTransactionManager - Committing JDBC transaction on Connection [HikariProxyConnection@583129701 wrapping com.mysql.cj.jdbc.ConnectionImpl@57b91f7]
2025-06-11 00:15:04.198 [http-nio-8082-exec-6] DEBUG o.s.j.support.JdbcTransactionManager - Releasing JDBC Connection [HikariProxyConnection@583129701 wrapping com.mysql.cj.jdbc.ConnectionImpl@57b91f7] after transaction
2025-06-11 00:15:05.112 [http-nio-8082-exec-7] DEBUG o.s.jdbc.datasource.DataSourceUtils - Fetching JDBC Connection from DataSource
2025-06-11 00:15:05.125 [http-nio-8082-exec-8] DEBUG o.s.jdbc.datasource.DataSourceUtils - Fetching JDBC Connection from DataSource
2025-06-11 00:15:05.126 [http-nio-8082-exec-8] DEBUG o.s.jdbc.datasource.DataSourceUtils - Fetching JDBC Connection from DataSource
2025-06-11 00:15:05.127 [http-nio-8082-exec-8] DEBUG o.s.jdbc.datasource.DataSourceUtils - Fetching JDBC Connection from DataSource
2025-06-11 00:15:05.128 [http-nio-8082-exec-8] DEBUG o.s.jdbc.datasource.DataSourceUtils - Fetching JDBC Connection from DataSource
2025-06-11 00:15:05.129 [http-nio-8082-exec-8] DEBUG o.s.jdbc.datasource.DataSourceUtils - Fetching JDBC Connection from DataSource
2025-06-11 00:15:07.091 [http-nio-8082-exec-9] DEBUG o.s.j.support.JdbcTransactionManager - Creating new transaction with name [edu.mycc.xhd.mycsdormitorymanagement.service.DormVisitorService.deleteVisitor]: PROPAGATION_REQUIRED,ISOLATION_DEFAULT
2025-06-11 00:15:07.092 [http-nio-8082-exec-9] DEBUG o.s.j.support.JdbcTransactionManager - Acquired Connection [HikariProxyConnection@1958707625 wrapping com.mysql.cj.jdbc.ConnectionImpl@57b91f7] for JDBC transaction
2025-06-11 00:15:07.093 [http-nio-8082-exec-9] DEBUG o.s.j.support.JdbcTransactionManager - Switching JDBC Connection [HikariProxyConnection@1958707625 wrapping com.mysql.cj.jdbc.ConnectionImpl@57b91f7] to manual commit
2025-06-11 00:15:07.096 [http-nio-8082-exec-9] DEBUG o.s.j.support.JdbcTransactionManager - Initiating transaction commit
2025-06-11 00:15:07.097 [http-nio-8082-exec-9] DEBUG o.s.j.support.JdbcTransactionManager - Committing JDBC transaction on Connection [HikariProxyConnection@1958707625 wrapping com.mysql.cj.jdbc.ConnectionImpl@57b91f7]
2025-06-11 00:15:07.098 [http-nio-8082-exec-9] DEBUG o.s.j.support.JdbcTransactionManager - Releasing JDBC Connection [HikariProxyConnection@1958707625 wrapping com.mysql.cj.jdbc.ConnectionImpl@57b91f7] after transaction
2025-06-11 00:15:07.808 [http-nio-8082-exec-10] DEBUG o.s.jdbc.datasource.DataSourceUtils - Fetching JDBC Connection from DataSource
2025-06-11 00:15:07.822 [http-nio-8082-exec-1] DEBUG o.s.jdbc.datasource.DataSourceUtils - Fetching JDBC Connection from DataSource
2025-06-11 00:15:07.824 [http-nio-8082-exec-1] DEBUG o.s.jdbc.datasource.DataSourceUtils - Fetching JDBC Connection from DataSource
2025-06-11 00:15:07.826 [http-nio-8082-exec-1] DEBUG o.s.jdbc.datasource.DataSourceUtils - Fetching JDBC Connection from DataSource
2025-06-11 00:15:07.828 [http-nio-8082-exec-1] DEBUG o.s.jdbc.datasource.DataSourceUtils - Fetching JDBC Connection from DataSource
2025-06-11 00:15:07.830 [http-nio-8082-exec-1] DEBUG o.s.jdbc.datasource.DataSourceUtils - Fetching JDBC Connection from DataSource
2025-06-11 00:16:01.783 [SpringApplicationShutdownHook] INFO  com.zaxxer.hikari.HikariDataSource - HikariPool-1 - Shutdown initiated...
2025-06-11 00:16:01.791 [SpringApplicationShutdownHook] INFO  com.zaxxer.hikari.HikariDataSource - HikariPool-1 - Shutdown completed.
2025-06-11 00:16:13.002 [background-preinit] INFO  o.h.validator.internal.util.Version - HV000001: Hibernate Validator 8.0.1.Final
2025-06-11 00:16:13.050 [main] INFO  e.m.x.m.CleanApp - Starting CleanApp using Java 21.0.7 with PID 33164 (D:\Study\project\JAVAEE\xiangmu\system\mycs-dormitory-management\target\classes started by save in D:\Study\project\JAVAEE\xiangmu\system\mycs-dormitory-management)
2025-06-11 00:16:13.051 [main] INFO  e.m.x.m.CleanApp - No active profile set, falling back to 1 default profile: "default"
2025-06-11 00:16:14.034 [main] INFO  o.s.b.w.e.tomcat.TomcatWebServer - Tomcat initialized with port(s): 8082 (http)
2025-06-11 00:16:14.040 [main] INFO  o.a.coyote.http11.Http11NioProtocol - Initializing ProtocolHandler ["http-nio-8082"]
2025-06-11 00:16:14.041 [main] INFO  o.a.catalina.core.StandardService - Starting service [Tomcat]
2025-06-11 00:16:14.041 [main] INFO  o.a.catalina.core.StandardEngine - Starting Servlet engine: [Apache Tomcat/10.1.15]
2025-06-11 00:16:14.140 [main] INFO  o.a.c.c.C.[Tomcat].[localhost].[/] - Initializing Spring embedded WebApplicationContext
2025-06-11 00:16:14.141 [main] INFO  o.s.b.w.s.c.ServletWebServerApplicationContext - Root WebApplicationContext: initialization completed in 1037 ms
2025-06-11 00:16:14.204 [main] DEBUG c.b.m.e.s.MybatisSqlSessionFactoryBean - Property 'configuration' or 'configLocation' not specified, using default MyBatis Configuration
2025-06-11 00:16:14.237 [main] WARN  c.b.m.e.s.MybatisSqlSessionFactoryBean - Property 'mapperLocations' was specified but matching resources are not found.
2025-06-11 00:16:14.243 [main] DEBUG c.b.m.core.toolkit.Sequence - Get /10.102.58.231 network interface 
2025-06-11 00:16:14.243 [main] DEBUG c.b.m.core.toolkit.Sequence - Get network interface info: name:ethernet_32768 (Realtek PCIe GbE Family Controller)
2025-06-11 00:16:14.254 [main] DEBUG c.b.m.core.toolkit.Sequence - Initialization Sequence datacenterId:27 workerId:10
2025-06-11 00:16:14.481 [main] WARN  c.b.m.core.injector.methods.Insert - [edu.mycc.xhd.mycsdormitorymanagement.mapper.UserMapper.insert] Has been loaded by XML or SqlProvider or Mybatis's Annotation, so ignoring this injection for [class com.baomidou.mybatisplus.core.injector.methods.Insert]
2025-06-11 00:16:14.709 [main] INFO  o.s.b.a.w.s.WelcomePageHandlerMapping - Adding welcome page: class path resource [static/index.html]
2025-06-11 00:16:14.823 [main] INFO  o.a.coyote.http11.Http11NioProtocol - Starting ProtocolHandler ["http-nio-8082"]
2025-06-11 00:16:14.843 [main] INFO  o.s.b.w.e.tomcat.TomcatWebServer - Tomcat started on port(s): 8082 (http) with context path ''
2025-06-11 00:16:14.848 [main] INFO  e.m.x.m.CleanApp - Started CleanApp in 2.207 seconds (process running for 2.498)
2025-06-11 00:16:23.968 [http-nio-8082-exec-1] INFO  o.a.c.c.C.[Tomcat].[localhost].[/] - Initializing Spring DispatcherServlet 'dispatcherServlet'
2025-06-11 00:16:23.969 [http-nio-8082-exec-1] INFO  o.s.web.servlet.DispatcherServlet - Initializing Servlet 'dispatcherServlet'
2025-06-11 00:16:23.969 [http-nio-8082-exec-1] INFO  o.s.web.servlet.DispatcherServlet - Completed initialization in 0 ms
2025-06-11 00:16:24.001 [http-nio-8082-exec-1] DEBUG o.s.jdbc.datasource.DataSourceUtils - Fetching JDBC Connection from DataSource
2025-06-11 00:16:24.003 [http-nio-8082-exec-1] INFO  com.zaxxer.hikari.HikariDataSource - HikariPool-1 - Starting...
2025-06-11 00:16:24.029 [http-nio-8082-exec-2] DEBUG o.s.jdbc.datasource.DataSourceUtils - Fetching JDBC Connection from DataSource
2025-06-11 00:16:24.111 [http-nio-8082-exec-1] INFO  com.zaxxer.hikari.pool.HikariPool - HikariPool-1 - Added connection com.mysql.cj.jdbc.ConnectionImpl@5c7d9086
2025-06-11 00:16:24.112 [http-nio-8082-exec-1] INFO  com.zaxxer.hikari.HikariDataSource - HikariPool-1 - Start completed.
2025-06-11 00:16:24.143 [http-nio-8082-exec-1] DEBUG o.s.jdbc.datasource.DataSourceUtils - Fetching JDBC Connection from DataSource
2025-06-11 00:16:24.145 [http-nio-8082-exec-1] DEBUG o.s.jdbc.datasource.DataSourceUtils - Fetching JDBC Connection from DataSource
2025-06-11 00:16:24.147 [http-nio-8082-exec-1] DEBUG o.s.jdbc.datasource.DataSourceUtils - Fetching JDBC Connection from DataSource
2025-06-11 00:16:24.148 [http-nio-8082-exec-1] DEBUG o.s.jdbc.datasource.DataSourceUtils - Fetching JDBC Connection from DataSource
2025-06-11 00:16:41.613 [http-nio-8082-exec-4] DEBUG o.s.jdbc.datasource.DataSourceUtils - Fetching JDBC Connection from DataSource
2025-06-11 00:16:41.613 [http-nio-8082-exec-3] DEBUG o.s.jdbc.datasource.DataSourceUtils - Fetching JDBC Connection from DataSource
2025-06-11 00:16:41.614 [http-nio-8082-exec-4] DEBUG o.s.jdbc.datasource.DataSourceUtils - Fetching JDBC Connection from DataSource
2025-06-11 00:16:41.614 [http-nio-8082-exec-4] DEBUG o.s.jdbc.datasource.DataSourceUtils - Fetching JDBC Connection from DataSource
2025-06-11 00:16:41.615 [http-nio-8082-exec-4] DEBUG o.s.jdbc.datasource.DataSourceUtils - Fetching JDBC Connection from DataSource
2025-06-11 00:16:41.616 [http-nio-8082-exec-4] DEBUG o.s.jdbc.datasource.DataSourceUtils - Fetching JDBC Connection from DataSource
2025-06-11 00:17:01.229 [http-nio-8082-exec-7] DEBUG o.s.jdbc.datasource.DataSourceUtils - Fetching JDBC Connection from DataSource
2025-06-11 00:17:01.230 [http-nio-8082-exec-6] DEBUG o.s.jdbc.datasource.DataSourceUtils - Fetching JDBC Connection from DataSource
2025-06-11 00:17:01.231 [http-nio-8082-exec-7] DEBUG o.s.jdbc.datasource.DataSourceUtils - Fetching JDBC Connection from DataSource
2025-06-11 00:17:01.231 [http-nio-8082-exec-7] DEBUG o.s.jdbc.datasource.DataSourceUtils - Fetching JDBC Connection from DataSource
2025-06-11 00:17:01.233 [http-nio-8082-exec-7] DEBUG o.s.jdbc.datasource.DataSourceUtils - Fetching JDBC Connection from DataSource
2025-06-11 00:17:01.233 [http-nio-8082-exec-7] DEBUG o.s.jdbc.datasource.DataSourceUtils - Fetching JDBC Connection from DataSource
2025-06-11 00:17:49.789 [http-nio-8082-exec-8] DEBUG o.s.j.support.JdbcTransactionManager - Creating new transaction with name [edu.mycc.xhd.mycsdormitorymanagement.service.DormVisitorService.deleteVisitor]: PROPAGATION_REQUIRED,ISOLATION_DEFAULT
2025-06-11 00:17:49.791 [http-nio-8082-exec-8] DEBUG o.s.j.support.JdbcTransactionManager - Acquired Connection [HikariProxyConnection@2056094085 wrapping com.mysql.cj.jdbc.ConnectionImpl@5c7d9086] for JDBC transaction
2025-06-11 00:17:49.793 [http-nio-8082-exec-8] DEBUG o.s.j.support.JdbcTransactionManager - Switching JDBC Connection [HikariProxyConnection@2056094085 wrapping com.mysql.cj.jdbc.ConnectionImpl@5c7d9086] to manual commit
2025-06-11 00:17:49.799 [http-nio-8082-exec-8] DEBUG o.s.j.support.JdbcTransactionManager - Initiating transaction commit
2025-06-11 00:17:49.800 [http-nio-8082-exec-8] DEBUG o.s.j.support.JdbcTransactionManager - Committing JDBC transaction on Connection [HikariProxyConnection@2056094085 wrapping com.mysql.cj.jdbc.ConnectionImpl@5c7d9086]
2025-06-11 00:17:49.804 [http-nio-8082-exec-8] DEBUG o.s.j.support.JdbcTransactionManager - Releasing JDBC Connection [HikariProxyConnection@2056094085 wrapping com.mysql.cj.jdbc.ConnectionImpl@5c7d9086] after transaction
2025-06-11 00:17:50.619 [http-nio-8082-exec-5] DEBUG o.s.jdbc.datasource.DataSourceUtils - Fetching JDBC Connection from DataSource
2025-06-11 00:17:50.631 [http-nio-8082-exec-9] DEBUG o.s.jdbc.datasource.DataSourceUtils - Fetching JDBC Connection from DataSource
2025-06-11 00:17:50.632 [http-nio-8082-exec-9] DEBUG o.s.jdbc.datasource.DataSourceUtils - Fetching JDBC Connection from DataSource
2025-06-11 00:17:50.633 [http-nio-8082-exec-9] DEBUG o.s.jdbc.datasource.DataSourceUtils - Fetching JDBC Connection from DataSource
2025-06-11 00:17:50.634 [http-nio-8082-exec-9] DEBUG o.s.jdbc.datasource.DataSourceUtils - Fetching JDBC Connection from DataSource
2025-06-11 00:17:50.635 [http-nio-8082-exec-9] DEBUG o.s.jdbc.datasource.DataSourceUtils - Fetching JDBC Connection from DataSource
2025-06-11 00:21:10.859 [http-nio-8082-exec-10] DEBUG o.s.j.support.JdbcTransactionManager - Creating new transaction with name [edu.mycc.xhd.mycsdormitorymanagement.service.DormVisitorService.deleteVisitor]: PROPAGATION_REQUIRED,ISOLATION_DEFAULT
2025-06-11 00:21:10.860 [http-nio-8082-exec-10] DEBUG o.s.j.support.JdbcTransactionManager - Acquired Connection [HikariProxyConnection@262913918 wrapping com.mysql.cj.jdbc.ConnectionImpl@5c7d9086] for JDBC transaction
2025-06-11 00:21:10.860 [http-nio-8082-exec-10] DEBUG o.s.j.support.JdbcTransactionManager - Switching JDBC Connection [HikariProxyConnection@262913918 wrapping com.mysql.cj.jdbc.ConnectionImpl@5c7d9086] to manual commit
2025-06-11 00:21:10.863 [http-nio-8082-exec-10] DEBUG o.s.j.support.JdbcTransactionManager - Initiating transaction commit
2025-06-11 00:21:10.864 [http-nio-8082-exec-10] DEBUG o.s.j.support.JdbcTransactionManager - Committing JDBC transaction on Connection [HikariProxyConnection@262913918 wrapping com.mysql.cj.jdbc.ConnectionImpl@5c7d9086]
2025-06-11 00:21:10.866 [http-nio-8082-exec-10] DEBUG o.s.j.support.JdbcTransactionManager - Releasing JDBC Connection [HikariProxyConnection@262913918 wrapping com.mysql.cj.jdbc.ConnectionImpl@5c7d9086] after transaction
2025-06-11 00:21:14.583 [http-nio-8082-exec-2] DEBUG o.s.jdbc.datasource.DataSourceUtils - Fetching JDBC Connection from DataSource
2025-06-11 00:21:14.595 [http-nio-8082-exec-1] DEBUG o.s.jdbc.datasource.DataSourceUtils - Fetching JDBC Connection from DataSource
2025-06-11 00:21:14.597 [http-nio-8082-exec-1] DEBUG o.s.jdbc.datasource.DataSourceUtils - Fetching JDBC Connection from DataSource
2025-06-11 00:21:14.599 [http-nio-8082-exec-1] DEBUG o.s.jdbc.datasource.DataSourceUtils - Fetching JDBC Connection from DataSource
2025-06-11 00:21:14.601 [http-nio-8082-exec-1] DEBUG o.s.jdbc.datasource.DataSourceUtils - Fetching JDBC Connection from DataSource
2025-06-11 00:21:14.603 [http-nio-8082-exec-1] DEBUG o.s.jdbc.datasource.DataSourceUtils - Fetching JDBC Connection from DataSource
2025-06-11 00:21:40.432 [http-nio-8082-exec-3] DEBUG o.s.jdbc.datasource.DataSourceUtils - Fetching JDBC Connection from DataSource
2025-06-11 00:21:40.457 [http-nio-8082-exec-4] DEBUG o.s.jdbc.datasource.DataSourceUtils - Fetching JDBC Connection from DataSource
2025-06-11 00:21:40.459 [http-nio-8082-exec-4] DEBUG o.s.jdbc.datasource.DataSourceUtils - Fetching JDBC Connection from DataSource
2025-06-11 00:21:40.460 [http-nio-8082-exec-4] DEBUG o.s.jdbc.datasource.DataSourceUtils - Fetching JDBC Connection from DataSource
2025-06-11 00:22:43.245 [http-nio-8082-exec-10] DEBUG o.s.jdbc.datasource.DataSourceUtils - Fetching JDBC Connection from DataSource
2025-06-11 00:22:43.311 [http-nio-8082-exec-10] DEBUG o.s.j.support.SQLErrorCodesFactory - Looking up default SQLErrorCodes for DataSource [com.zaxxer.hikari.HikariDataSource@6274670b]
2025-06-11 00:22:43.313 [http-nio-8082-exec-10] DEBUG o.s.jdbc.datasource.DataSourceUtils - Fetching JDBC Connection from DataSource
2025-06-11 00:22:43.314 [http-nio-8082-exec-10] DEBUG o.s.j.support.SQLErrorCodesFactory - SQL error codes for 'MySQL' found
2025-06-11 00:22:43.315 [http-nio-8082-exec-10] DEBUG o.s.j.support.SQLErrorCodesFactory - Caching SQL error codes for DataSource [com.zaxxer.hikari.HikariDataSource@6274670b]: database product name is 'MySQL'
2025-06-11 00:22:43.317 [http-nio-8082-exec-10] DEBUG o.s.j.s.SQLErrorCodeSQLExceptionTranslator - Translating SQLException with SQL state '42S02', error code '1146', message [Table 'mycs_dormitory.system_config' doesn't exist] for task [
### Error querying database.  Cause: java.sql.SQLSyntaxErrorException: Table 'mycs_dormitory.system_config' doesn't exist
### The error may exist in edu/mycc/xhd/mycsdormitorymanagement/mapper/SystemConfigMapper.java (best guess)
### The error may involve defaultParameterMap
### The error occurred while setting parameters
### SQL: SELECT * FROM system_config WHERE status = 1 ORDER BY config_type, config_key
### Cause: java.sql.SQLSyntaxErrorException: Table 'mycs_dormitory.system_config' doesn't exist
]
2025-06-11 00:22:43.328 [http-nio-8082-exec-2] DEBUG o.s.jdbc.datasource.DataSourceUtils - Fetching JDBC Connection from DataSource
2025-06-11 00:22:43.330 [http-nio-8082-exec-2] DEBUG o.s.jdbc.datasource.DataSourceUtils - Fetching JDBC Connection from DataSource
2025-06-11 00:22:43.332 [http-nio-8082-exec-2] DEBUG o.s.j.s.SQLErrorCodeSQLExceptionTranslator - Translating SQLException with SQL state '42S22', error code '1054', message [Unknown column 'gender' in 'where clause'] for task [
### Error querying database.  Cause: java.sql.SQLSyntaxErrorException: Unknown column 'gender' in 'where clause'
### The error may exist in edu/mycc/xhd/mycsdormitorymanagement/mapper/StudentMapper.java (best guess)
### The error may involve edu.mycc.xhd.mycsdormitorymanagement.mapper.StudentMapper.countByGender-Inline
### The error occurred while setting parameters
### SQL: SELECT COUNT(*) FROM student WHERE gender = ?
### Cause: java.sql.SQLSyntaxErrorException: Unknown column 'gender' in 'where clause'
]
2025-06-11 00:22:44.790 [http-nio-8082-exec-1] DEBUG o.s.jdbc.datasource.DataSourceUtils - Fetching JDBC Connection from DataSource
2025-06-11 00:22:44.791 [http-nio-8082-exec-1] DEBUG o.s.j.s.SQLErrorCodeSQLExceptionTranslator - Translating SQLException with SQL state '42S02', error code '1146', message [Table 'mycs_dormitory.system_config' doesn't exist] for task [
### Error querying database.  Cause: java.sql.SQLSyntaxErrorException: Table 'mycs_dormitory.system_config' doesn't exist
### The error may exist in edu/mycc/xhd/mycsdormitorymanagement/mapper/SystemConfigMapper.java (best guess)
### The error may involve defaultParameterMap
### The error occurred while setting parameters
### SQL: SELECT * FROM system_config WHERE status = 1 ORDER BY config_type, config_key
### Cause: java.sql.SQLSyntaxErrorException: Table 'mycs_dormitory.system_config' doesn't exist
]
2025-06-11 00:22:44.799 [http-nio-8082-exec-3] DEBUG o.s.jdbc.datasource.DataSourceUtils - Fetching JDBC Connection from DataSource
2025-06-11 00:22:44.800 [http-nio-8082-exec-3] DEBUG o.s.jdbc.datasource.DataSourceUtils - Fetching JDBC Connection from DataSource
2025-06-11 00:22:44.801 [http-nio-8082-exec-3] DEBUG o.s.j.s.SQLErrorCodeSQLExceptionTranslator - Translating SQLException with SQL state '42S22', error code '1054', message [Unknown column 'gender' in 'where clause'] for task [
### Error querying database.  Cause: java.sql.SQLSyntaxErrorException: Unknown column 'gender' in 'where clause'
### The error may exist in edu/mycc/xhd/mycsdormitorymanagement/mapper/StudentMapper.java (best guess)
### The error may involve edu.mycc.xhd.mycsdormitorymanagement.mapper.StudentMapper.countByGender-Inline
### The error occurred while setting parameters
### SQL: SELECT COUNT(*) FROM student WHERE gender = ?
### Cause: java.sql.SQLSyntaxErrorException: Unknown column 'gender' in 'where clause'
]
2025-06-11 00:22:46.007 [http-nio-8082-exec-4] DEBUG o.s.jdbc.datasource.DataSourceUtils - Fetching JDBC Connection from DataSource
2025-06-11 00:22:46.009 [http-nio-8082-exec-4] DEBUG o.s.j.s.SQLErrorCodeSQLExceptionTranslator - Translating SQLException with SQL state '42S02', error code '1146', message [Table 'mycs_dormitory.system_config' doesn't exist] for task [
### Error querying database.  Cause: java.sql.SQLSyntaxErrorException: Table 'mycs_dormitory.system_config' doesn't exist
### The error may exist in edu/mycc/xhd/mycsdormitorymanagement/mapper/SystemConfigMapper.java (best guess)
### The error may involve defaultParameterMap
### The error occurred while setting parameters
### SQL: SELECT * FROM system_config WHERE status = 1 ORDER BY config_type, config_key
### Cause: java.sql.SQLSyntaxErrorException: Table 'mycs_dormitory.system_config' doesn't exist
]
2025-06-11 00:22:46.015 [http-nio-8082-exec-6] DEBUG o.s.jdbc.datasource.DataSourceUtils - Fetching JDBC Connection from DataSource
2025-06-11 00:22:46.017 [http-nio-8082-exec-6] DEBUG o.s.jdbc.datasource.DataSourceUtils - Fetching JDBC Connection from DataSource
2025-06-11 00:22:46.018 [http-nio-8082-exec-6] DEBUG o.s.j.s.SQLErrorCodeSQLExceptionTranslator - Translating SQLException with SQL state '42S22', error code '1054', message [Unknown column 'gender' in 'where clause'] for task [
### Error querying database.  Cause: java.sql.SQLSyntaxErrorException: Unknown column 'gender' in 'where clause'
### The error may exist in edu/mycc/xhd/mycsdormitorymanagement/mapper/StudentMapper.java (best guess)
### The error may involve edu.mycc.xhd.mycsdormitorymanagement.mapper.StudentMapper.countByGender-Inline
### The error occurred while setting parameters
### SQL: SELECT COUNT(*) FROM student WHERE gender = ?
### Cause: java.sql.SQLSyntaxErrorException: Unknown column 'gender' in 'where clause'
]
2025-06-11 00:22:46.757 [http-nio-8082-exec-7] DEBUG o.s.jdbc.datasource.DataSourceUtils - Fetching JDBC Connection from DataSource
2025-06-11 00:22:46.758 [http-nio-8082-exec-7] DEBUG o.s.j.s.SQLErrorCodeSQLExceptionTranslator - Translating SQLException with SQL state '42S02', error code '1146', message [Table 'mycs_dormitory.system_config' doesn't exist] for task [
### Error querying database.  Cause: java.sql.SQLSyntaxErrorException: Table 'mycs_dormitory.system_config' doesn't exist
### The error may exist in edu/mycc/xhd/mycsdormitorymanagement/mapper/SystemConfigMapper.java (best guess)
### The error may involve defaultParameterMap
### The error occurred while setting parameters
### SQL: SELECT * FROM system_config WHERE status = 1 ORDER BY config_type, config_key
### Cause: java.sql.SQLSyntaxErrorException: Table 'mycs_dormitory.system_config' doesn't exist
]
2025-06-11 00:22:46.765 [http-nio-8082-exec-8] DEBUG o.s.jdbc.datasource.DataSourceUtils - Fetching JDBC Connection from DataSource
2025-06-11 00:22:46.766 [http-nio-8082-exec-8] DEBUG o.s.jdbc.datasource.DataSourceUtils - Fetching JDBC Connection from DataSource
2025-06-11 00:22:46.767 [http-nio-8082-exec-8] DEBUG o.s.j.s.SQLErrorCodeSQLExceptionTranslator - Translating SQLException with SQL state '42S22', error code '1054', message [Unknown column 'gender' in 'where clause'] for task [
### Error querying database.  Cause: java.sql.SQLSyntaxErrorException: Unknown column 'gender' in 'where clause'
### The error may exist in edu/mycc/xhd/mycsdormitorymanagement/mapper/StudentMapper.java (best guess)
### The error may involve edu.mycc.xhd.mycsdormitorymanagement.mapper.StudentMapper.countByGender-Inline
### The error occurred while setting parameters
### SQL: SELECT COUNT(*) FROM student WHERE gender = ?
### Cause: java.sql.SQLSyntaxErrorException: Unknown column 'gender' in 'where clause'
]
2025-06-11 00:22:50.363 [http-nio-8082-exec-5] DEBUG o.s.jdbc.datasource.DataSourceUtils - Fetching JDBC Connection from DataSource
2025-06-11 00:22:50.373 [http-nio-8082-exec-9] DEBUG o.s.jdbc.datasource.DataSourceUtils - Fetching JDBC Connection from DataSource
2025-06-11 00:22:50.375 [http-nio-8082-exec-9] DEBUG o.s.jdbc.datasource.DataSourceUtils - Fetching JDBC Connection from DataSource
2025-06-11 00:22:50.376 [http-nio-8082-exec-9] DEBUG o.s.jdbc.datasource.DataSourceUtils - Fetching JDBC Connection from DataSource
2025-06-11 00:22:56.553 [http-nio-8082-exec-2] DEBUG o.s.jdbc.datasource.DataSourceUtils - Fetching JDBC Connection from DataSource
2025-06-11 00:22:56.554 [http-nio-8082-exec-10] DEBUG o.s.jdbc.datasource.DataSourceUtils - Fetching JDBC Connection from DataSource
2025-06-11 00:22:56.555 [http-nio-8082-exec-2] DEBUG o.s.jdbc.datasource.DataSourceUtils - Fetching JDBC Connection from DataSource
2025-06-11 00:22:56.556 [http-nio-8082-exec-2] DEBUG o.s.jdbc.datasource.DataSourceUtils - Fetching JDBC Connection from DataSource
2025-06-11 00:22:56.557 [http-nio-8082-exec-2] DEBUG o.s.jdbc.datasource.DataSourceUtils - Fetching JDBC Connection from DataSource
2025-06-11 00:22:56.558 [http-nio-8082-exec-2] DEBUG o.s.jdbc.datasource.DataSourceUtils - Fetching JDBC Connection from DataSource
2025-06-11 00:22:57.158 [http-nio-8082-exec-1] DEBUG o.s.jdbc.datasource.DataSourceUtils - Fetching JDBC Connection from DataSource
2025-06-11 00:22:57.161 [http-nio-8082-exec-3] DEBUG o.s.jdbc.datasource.DataSourceUtils - Fetching JDBC Connection from DataSource
2025-06-11 00:22:57.474 [http-nio-8082-exec-6] DEBUG o.s.jdbc.datasource.DataSourceUtils - Fetching JDBC Connection from DataSource
2025-06-11 00:22:57.474 [http-nio-8082-exec-4] DEBUG o.s.jdbc.datasource.DataSourceUtils - Fetching JDBC Connection from DataSource
2025-06-11 00:22:57.476 [http-nio-8082-exec-6] DEBUG o.s.jdbc.datasource.DataSourceUtils - Fetching JDBC Connection from DataSource
2025-06-11 00:22:57.477 [http-nio-8082-exec-6] DEBUG o.s.jdbc.datasource.DataSourceUtils - Fetching JDBC Connection from DataSource
2025-06-11 00:22:57.479 [http-nio-8082-exec-6] DEBUG o.s.jdbc.datasource.DataSourceUtils - Fetching JDBC Connection from DataSource
2025-06-11 00:22:57.479 [http-nio-8082-exec-6] DEBUG o.s.jdbc.datasource.DataSourceUtils - Fetching JDBC Connection from DataSource
2025-06-11 00:22:59.347 [http-nio-8082-exec-7] DEBUG o.s.j.support.JdbcTransactionManager - Creating new transaction with name [edu.mycc.xhd.mycsdormitorymanagement.service.DormVisitorService.deleteVisitor]: PROPAGATION_REQUIRED,ISOLATION_DEFAULT
2025-06-11 00:22:59.347 [http-nio-8082-exec-7] DEBUG o.s.j.support.JdbcTransactionManager - Acquired Connection [HikariProxyConnection@353128321 wrapping com.mysql.cj.jdbc.ConnectionImpl@5c7d9086] for JDBC transaction
2025-06-11 00:22:59.347 [http-nio-8082-exec-7] DEBUG o.s.j.support.JdbcTransactionManager - Switching JDBC Connection [HikariProxyConnection@353128321 wrapping com.mysql.cj.jdbc.ConnectionImpl@5c7d9086] to manual commit
2025-06-11 00:22:59.349 [http-nio-8082-exec-7] DEBUG o.s.j.support.JdbcTransactionManager - Initiating transaction commit
2025-06-11 00:22:59.349 [http-nio-8082-exec-7] DEBUG o.s.j.support.JdbcTransactionManager - Committing JDBC transaction on Connection [HikariProxyConnection@353128321 wrapping com.mysql.cj.jdbc.ConnectionImpl@5c7d9086]
2025-06-11 00:22:59.352 [http-nio-8082-exec-7] DEBUG o.s.j.support.JdbcTransactionManager - Releasing JDBC Connection [HikariProxyConnection@353128321 wrapping com.mysql.cj.jdbc.ConnectionImpl@5c7d9086] after transaction
2025-06-11 00:22:59.961 [http-nio-8082-exec-8] DEBUG o.s.jdbc.datasource.DataSourceUtils - Fetching JDBC Connection from DataSource
2025-06-11 00:22:59.969 [http-nio-8082-exec-5] DEBUG o.s.jdbc.datasource.DataSourceUtils - Fetching JDBC Connection from DataSource
2025-06-11 00:22:59.970 [http-nio-8082-exec-5] DEBUG o.s.jdbc.datasource.DataSourceUtils - Fetching JDBC Connection from DataSource
2025-06-11 00:22:59.970 [http-nio-8082-exec-5] DEBUG o.s.jdbc.datasource.DataSourceUtils - Fetching JDBC Connection from DataSource
2025-06-11 00:22:59.971 [http-nio-8082-exec-5] DEBUG o.s.jdbc.datasource.DataSourceUtils - Fetching JDBC Connection from DataSource
2025-06-11 00:22:59.972 [http-nio-8082-exec-5] DEBUG o.s.jdbc.datasource.DataSourceUtils - Fetching JDBC Connection from DataSource
2025-06-11 00:23:01.378 [http-nio-8082-exec-10] DEBUG o.s.jdbc.datasource.DataSourceUtils - Fetching JDBC Connection from DataSource
2025-06-11 00:23:01.378 [http-nio-8082-exec-9] DEBUG o.s.jdbc.datasource.DataSourceUtils - Fetching JDBC Connection from DataSource
2025-06-11 00:23:01.379 [http-nio-8082-exec-10] DEBUG o.s.jdbc.datasource.DataSourceUtils - Fetching JDBC Connection from DataSource
2025-06-11 00:23:01.380 [http-nio-8082-exec-10] DEBUG o.s.jdbc.datasource.DataSourceUtils - Fetching JDBC Connection from DataSource
2025-06-11 00:23:01.380 [http-nio-8082-exec-10] DEBUG o.s.jdbc.datasource.DataSourceUtils - Fetching JDBC Connection from DataSource
2025-06-11 00:23:01.381 [http-nio-8082-exec-10] DEBUG o.s.jdbc.datasource.DataSourceUtils - Fetching JDBC Connection from DataSource
2025-06-11 00:23:01.628 [http-nio-8082-exec-2] DEBUG o.s.jdbc.datasource.DataSourceUtils - Fetching JDBC Connection from DataSource
2025-06-11 00:23:01.628 [http-nio-8082-exec-3] DEBUG o.s.jdbc.datasource.DataSourceUtils - Fetching JDBC Connection from DataSource
2025-06-11 00:23:01.629 [http-nio-8082-exec-3] DEBUG o.s.jdbc.datasource.DataSourceUtils - Fetching JDBC Connection from DataSource
2025-06-11 00:23:01.630 [http-nio-8082-exec-3] DEBUG o.s.jdbc.datasource.DataSourceUtils - Fetching JDBC Connection from DataSource
2025-06-11 00:23:01.631 [http-nio-8082-exec-3] DEBUG o.s.jdbc.datasource.DataSourceUtils - Fetching JDBC Connection from DataSource
2025-06-11 00:23:01.632 [http-nio-8082-exec-3] DEBUG o.s.jdbc.datasource.DataSourceUtils - Fetching JDBC Connection from DataSource
2025-06-11 00:26:30.621 [SpringApplicationShutdownHook] INFO  com.zaxxer.hikari.HikariDataSource - HikariPool-1 - Shutdown initiated...
2025-06-11 00:26:30.627 [SpringApplicationShutdownHook] INFO  com.zaxxer.hikari.HikariDataSource - HikariPool-1 - Shutdown completed.
